#
# There is insufficient memory for the Java Runtime Environment to continue.
# Native memory allocation (malloc) failed to allocate 294128 bytes for Chunk::new
# Possible reasons:
#   The system is out of physical RAM or swap space
#   In 32 bit mode, the process size limit was hit
# Possible solutions:
#   Reduce memory load on the system
#   Increase physical memory or swap space
#   Check if swap backing store is full
#   Use 64 bit Java on a 64 bit OS
#   Decrease Java heap size (-Xmx/-Xms)
#   Decrease number of Java threads
#   Decrease Java thread stack sizes (-Xss)
#   Set larger code cache with -XX:ReservedCodeCacheSize=
# This output file may be truncated or incomplete.
#
#  Out of Memory Error (allocation.cpp:323), pid=5828, tid=6328
#
# JRE version: Java(TM) SE Runtime Environment (7.0_45-b18) (build 1.7.0_45-b18)
# Java VM: Java HotSpot(TM) 64-Bit Server VM (24.45-b08 mixed mode windows-amd64 compressed oops)
# Failed to write core dump. Minidumps are not enabled by default on client versions of Windows
#

---------------  T H R E A D  ---------------

Current thread (0x0000000008375000):  JavaThread "C2 CompilerThread1" daemon [_thread_in_native, id=6328, stack(0x0000000009bd0000,0x0000000009cd0000)]

Stack: [0x0000000009bd0000,0x0000000009cd0000]

Current CompileTask:
C2:  62031  621             com.android.dx.ssa.SsaConverter::placePhiFunctions (394 bytes)


---------------  P R O C E S S  ---------------

Java Threads: ( => current thread )
  0x000000000837d800 JavaThread "Service Thread" daemon [_thread_blocked, id=6548, stack(0x0000000009ab0000,0x0000000009bb0000)]
=>0x0000000008375000 JavaThread "C2 CompilerThread1" daemon [_thread_in_native, id=6328, stack(0x0000000009bd0000,0x0000000009cd0000)]
  0x0000000008373000 JavaThread "C2 CompilerThread0" daemon [_thread_blocked, id=12220, stack(0x0000000009970000,0x0000000009a70000)]
  0x000000000832e800 JavaThread "Attach Listener" daemon [_thread_blocked, id=9324, stack(0x0000000009870000,0x0000000009970000)]
  0x0000000008327000 JavaThread "Signal Dispatcher" daemon [_thread_blocked, id=2908, stack(0x0000000009690000,0x0000000009790000)]
  0x0000000008311800 JavaThread "Finalizer" daemon [_thread_blocked, id=11024, stack(0x00000000092d0000,0x00000000093d0000)]
  0x000000000830e000 JavaThread "Reference Handler" daemon [_thread_blocked, id=12280, stack(0x0000000009530000,0x0000000009630000)]
  0x000000000018e800 JavaThread "main" [_thread_blocked, id=11404, stack(0x0000000002270000,0x0000000002370000)]

Other Threads:
  0x0000000008308800 VMThread [stack: 0x00000000093f0000,0x00000000094f0000] [id=7052]
  0x0000000008387800 WatcherThread [stack: 0x0000000009ec0000,0x0000000009fc0000] [id=1476]

VM state:at safepoint (normal execution)

VM Mutex/Monitor currently owned by a thread:  ([mutex/lock_event])
[0x000000000018c8c0] Threads_lock - owner thread: 0x0000000008308800
[0x000000000018cdc0] Heap_lock - owner thread: 0x000000000018e800

Heap
 PSYoungGen      total 103936K, used 100352K [0x00000000eaa80000, 0x00000000f1380000, 0x0000000100000000)
  eden space 100352K, 100% used [0x00000000eaa80000,0x00000000f0c80000,0x00000000f0c80000)
  from space 3584K, 0% used [0x00000000f0c80000,0x00000000f0c80000,0x00000000f1000000)
  to   space 3584K, 0% used [0x00000000f1000000,0x00000000f1000000,0x00000000f1380000)
 ParOldGen       total 116224K, used 115961K [0x00000000c0000000, 0x00000000c7180000, 0x00000000eaa80000)
  object space 116224K, 99% used [0x00000000c0000000,0x00000000c713e7d8,0x00000000c7180000)
 PSPermGen       total 21504K, used 5670K [0x00000000bae00000, 0x00000000bc300000, 0x00000000c0000000)
  object space 21504K, 26% used [0x00000000bae00000,0x00000000bb389b50,0x00000000bc300000)

Card table byte_map: [0x0000000005370000,0x00000000055a0000] byte_map_base: 0x0000000004d99000

Polling page: 0x0000000000140000

Code Cache  [0x0000000002370000, 0x0000000002600000, 0x0000000005370000)
 total_blobs=849 nmethods=615 adapters=186 free_code_cache=46750Kb largest_free_block=47671744

Compilation events (10 events):
Event: 45.087 Thread 0x0000000008375000 nmethod 616 0x000000000257ff90 code [0x0000000002580f40, 0x0000000002583938]
Event: 45.090 Thread 0x0000000008373000  617             java.util.TreeMap::access$100 (5 bytes)
Event: 45.091 Thread 0x0000000008373000 nmethod 617 0x000000000246abd0 code [0x000000000246ad00, 0x000000000246ad58]
Event: 45.097 Thread 0x0000000008375000  618   !         com.android.dx.cf.code.Merger::mergeStack (192 bytes)
Event: 45.111 Thread 0x0000000008373000  619             com.android.dx.cf.code.BasicBlocker::visitNoArgs (298 bytes)
Event: 45.112 Thread 0x0000000008375000 nmethod 618 0x0000000002510a50 code [0x0000000002510c80, 0x0000000002511a00]
Event: 45.115 Thread 0x0000000008375000  620             com.android.dx.rop.code.RegisterSpecList::getType (12 bytes)
Event: 45.116 Thread 0x0000000008375000 nmethod 620 0x000000000257e390 code [0x000000000257e4e0, 0x000000000257e5d8]
Event: 45.118 Thread 0x0000000008373000 nmethod 619 0x000000000257ed90 code [0x000000000257f020, 0x000000000257f640]
Event: 47.639 Thread 0x0000000008375000  621             com.android.dx.ssa.SsaConverter::placePhiFunctions (394 bytes)

GC Heap History (10 events):
Event: 38.594 GC heap before
{Heap before GC invocations=8 (full 2):
 PSYoungGen      total 103936K, used 3565K [0x00000000eaa80000, 0x00000000f1380000, 0x0000000100000000)
  eden space 100352K, 0% used [0x00000000eaa80000,0x00000000eaa80000,0x00000000f0c80000)
  from space 3584K, 99% used [0x00000000f1000000,0x00000000f137b780,0x00000000f1380000)
  to   space 3584K, 0% used [0x00000000f0c80000,0x00000000f0c80000,0x00000000f1000000)
 ParOldGen       total 101376K, used 83804K [0x00000000c0000000, 0x00000000c6300000, 0x00000000eaa80000)
  object space 101376K, 82% used [0x00000000c0000000,0x00000000c51d72f0,0x00000000c6300000)
 PSPermGen       total 21504K, used 5660K [0x00000000bae00000, 0x00000000bc300000, 0x00000000c0000000)
  object space 21504K, 26% used [0x00000000bae00000,0x00000000bb387160,0x00000000bc300000)
Event: 38.778 GC heap after
Heap after GC invocations=8 (full 2):
 PSYoungGen      total 103936K, used 0K [0x00000000eaa80000, 0x00000000f1380000, 0x0000000100000000)
  eden space 100352K, 0% used [0x00000000eaa80000,0x00000000eaa80000,0x00000000f0c80000)
  from space 3584K, 0% used [0x00000000f1000000,0x00000000f1000000,0x00000000f1380000)
  to   space 3584K, 0% used [0x00000000f0c80000,0x00000000f0c80000,0x00000000f1000000)
 ParOldGen       total 116224K, used 45698K [0x00000000c0000000, 0x00000000c7180000, 0x00000000eaa80000)
  object space 116224K, 39% used [0x00000000c0000000,0x00000000c2ca0a98,0x00000000c7180000)
 PSPermGen       total 21504K, used 5660K [0x00000000bae00000, 0x00000000bc300000, 0x00000000c0000000)
  object space 21504K, 26% used [0x00000000bae00000,0x00000000bb387100,0x00000000bc300000)
}
Event: 38.959 GC heap before
{Heap before GC invocations=9 (full 2):
 PSYoungGen      total 103936K, used 100352K [0x00000000eaa80000, 0x00000000f1380000, 0x0000000100000000)
  eden space 100352K, 100% used [0x00000000eaa80000,0x00000000f0c80000,0x00000000f0c80000)
  from space 3584K, 0% used [0x00000000f1000000,0x00000000f1000000,0x00000000f1380000)
  to   space 3584K, 0% used [0x00000000f0c80000,0x00000000f0c80000,0x00000000f1000000)
 ParOldGen       total 116224K, used 45698K [0x00000000c0000000, 0x00000000c7180000, 0x00000000eaa80000)
  object space 116224K, 39% used [0x00000000c0000000,0x00000000c2ca0a98,0x00000000c7180000)
 PSPermGen       total 21504K, used 5660K [0x00000000bae00000, 0x00000000bc300000, 0x00000000c0000000)
  object space 21504K, 26% used [0x00000000bae00000,0x00000000bb387100,0x00000000bc300000)
Event: 39.972 GC heap after
Heap after GC invocations=9 (full 2):
 PSYoungGen      total 103936K, used 3577K [0x00000000eaa80000, 0x00000000f1380000, 0x0000000100000000)
  eden space 100352K, 0% used [0x00000000eaa80000,0x00000000eaa80000,0x00000000f0c80000)
  from space 3584K, 99% used [0x00000000f0c80000,0x00000000f0ffe640,0x00000000f1000000)
  to   space 3584K, 0% used [0x00000000f1000000,0x00000000f1000000,0x00000000f1380000)
 ParOldGen       total 116224K, used 82863K [0x00000000c0000000, 0x00000000c7180000, 0x00000000eaa80000)
  object space 116224K, 71% used [0x00000000c0000000,0x00000000c50ebfa0,0x00000000c7180000)
 PSPermGen       total 21504K, used 5660K [0x00000000bae00000, 0x00000000bc300000, 0x00000000c0000000)
  object space 21504K, 26% used [0x00000000bae00000,0x00000000bb387100,0x00000000bc300000)
}
Event: 39.972 GC heap before
{Heap before GC invocations=10 (full 3):
 PSYoungGen      total 103936K, used 3577K [0x00000000eaa80000, 0x00000000f1380000, 0x0000000100000000)
  eden space 100352K, 0% used [0x00000000eaa80000,0x00000000eaa80000,0x00000000f0c80000)
  from space 3584K, 99% used [0x00000000f0c80000,0x00000000f0ffe640,0x00000000f1000000)
  to   space 3584K, 0% used [0x00000000f1000000,0x00000000f1000000,0x00000000f1380000)
 ParOldGen       total 116224K, used 82863K [0x00000000c0000000, 0x00000000c7180000, 0x00000000eaa80000)
  object space 116224K, 71% used [0x00000000c0000000,0x00000000c50ebfa0,0x00000000c7180000)
 PSPermGen       total 21504K, used 5660K [0x00000000bae00000, 0x00000000bc300000, 0x00000000c0000000)
  object space 21504K, 26% used [0x00000000bae00000,0x00000000bb387100,0x00000000bc300000)
Event: 42.217 GC heap after
Heap after GC invocations=10 (full 3):
 PSYoungGen      total 103936K, used 0K [0x00000000eaa80000, 0x00000000f1380000, 0x0000000100000000)
  eden space 100352K, 0% used [0x00000000eaa80000,0x00000000eaa80000,0x00000000f0c80000)
  from space 3584K, 0% used [0x00000000f0c80000,0x00000000f0c80000,0x00000000f1000000)
  to   space 3584K, 0% used [0x00000000f1000000,0x00000000f1000000,0x00000000f1380000)
 ParOldGen       total 116224K, used 83600K [0x00000000c0000000, 0x00000000c7180000, 0x00000000eaa80000)
  object space 116224K, 71% used [0x00000000c0000000,0x00000000c51a4358,0x00000000c7180000)
 PSPermGen       total 21504K, used 5660K [0x00000000bae00000, 0x00000000bc300000, 0x00000000c0000000)
  object space 21504K, 26% used [0x00000000bae00000,0x00000000bb387100,0x00000000bc300000)
}
Event: 42.683 GC heap before
{Heap before GC invocations=11 (full 4):
 PSYoungGen      total 103936K, used 100352K [0x00000000eaa80000, 0x00000000f1380000, 0x0000000100000000)
  eden space 100352K, 100% used [0x00000000eaa80000,0x00000000f0c80000,0x00000000f0c80000)
  from space 3584K, 0% used [0x00000000f0c80000,0x00000000f0c80000,0x00000000f1000000)
  to   space 3584K, 0% used [0x00000000f1000000,0x00000000f1000000,0x00000000f1380000)
 ParOldGen       total 116224K, used 83600K [0x00000000c0000000, 0x00000000c7180000, 0x00000000eaa80000)
  object space 116224K, 71% used [0x00000000c0000000,0x00000000c51a4358,0x00000000c7180000)
 PSPermGen       total 21504K, used 5663K [0x00000000bae00000, 0x00000000bc300000, 0x00000000c0000000)
  object space 21504K, 26% used [0x00000000bae00000,0x00000000bb387d20,0x00000000bc300000)
Event: 44.849 GC heap after
Heap after GC invocations=11 (full 4):
 PSYoungGen      total 103936K, used 0K [0x00000000eaa80000, 0x00000000f1380000, 0x0000000100000000)
  eden space 100352K, 0% used [0x00000000eaa80000,0x00000000eaa80000,0x00000000f0c80000)
  from space 3584K, 0% used [0x00000000f0c80000,0x00000000f0c80000,0x00000000f1000000)
  to   space 3584K, 0% used [0x00000000f1000000,0x00000000f1000000,0x00000000f1380000)
 ParOldGen       total 116224K, used 91694K [0x00000000c0000000, 0x00000000c7180000, 0x00000000eaa80000)
  object space 116224K, 78% used [0x00000000c0000000,0x00000000c598ba00,0x00000000c7180000)
 PSPermGen       total 21504K, used 5663K [0x00000000bae00000, 0x00000000bc300000, 0x00000000c0000000)
  object space 21504K, 26% used [0x00000000bae00000,0x00000000bb387ca0,0x00000000bc300000)
}
Event: 45.325 GC heap before
{Heap before GC invocations=12 (full 5):
 PSYoungGen      total 103936K, used 100352K [0x00000000eaa80000, 0x00000000f1380000, 0x0000000100000000)
  eden space 100352K, 100% used [0x00000000eaa80000,0x00000000f0c80000,0x00000000f0c80000)
  from space 3584K, 0% used [0x00000000f0c80000,0x00000000f0c80000,0x00000000f1000000)
  to   space 3584K, 0% used [0x00000000f1000000,0x00000000f1000000,0x00000000f1380000)
 ParOldGen       total 116224K, used 91694K [0x00000000c0000000, 0x00000000c7180000, 0x00000000eaa80000)
  object space 116224K, 78% used [0x00000000c0000000,0x00000000c598ba00,0x00000000c7180000)
 PSPermGen       total 21504K, used 5666K [0x00000000bae00000, 0x00000000bc300000, 0x00000000c0000000)
  object space 21504K, 26% used [0x00000000bae00000,0x00000000bb388a50,0x00000000bc300000)
Event: 47.460 GC heap after
Heap after GC invocations=12 (full 5):
 PSYoungGen      total 103936K, used 0K [0x00000000eaa80000, 0x00000000f1380000, 0x0000000100000000)
  eden space 100352K, 0% used [0x00000000eaa80000,0x00000000eaa80000,0x00000000f0c80000)
  from space 3584K, 0% used [0x00000000f0c80000,0x00000000f0c80000,0x00000000f1000000)
  to   space 3584K, 0% used [0x00000000f1000000,0x00000000f1000000,0x00000000f1380000)
 ParOldGen       total 116224K, used 87545K [0x00000000c0000000, 0x00000000c7180000, 0x00000000eaa80000)
  object space 116224K, 75% used [0x00000000c0000000,0x00000000c557e638,0x00000000c7180000)
 PSPermGen       total 21504K, used 5666K [0x00000000bae00000, 0x00000000bc300000, 0x00000000c0000000)
  object space 21504K, 26% used [0x00000000bae00000,0x00000000bb388a30,0x00000000bc300000)
}

Deoptimization events (10 events):
Event: 36.956 Thread 0x000000000018e800 Uncommon trap: reason=class_check action=maybe_recompile pc=0x0000000002503f28 method=com.android.dx.ssa.back.InterferenceGraph.add(II)V @ 19
Event: 36.999 Thread 0x000000000018e800 Uncommon trap: reason=class_check action=maybe_recompile pc=0x000000000253eed0 method=com.android.dx.ssa.back.InterferenceGraph.mergeInterferenceSet(ILcom/android/dx/util/IntSet;)V @ 20
Event: 37.000 Thread 0x000000000018e800 Uncommon trap: reason=class_check action=maybe_recompile pc=0x000000000253eed0 method=com.android.dx.ssa.back.InterferenceGraph.mergeInterferenceSet(ILcom/android/dx/util/IntSet;)V @ 20
Event: 37.000 Thread 0x000000000018e800 Uncommon trap: reason=class_check action=maybe_recompile pc=0x000000000253eed0 method=com.android.dx.ssa.back.InterferenceGraph.mergeInterferenceSet(ILcom/android/dx/util/IntSet;)V @ 20
Event: 37.007 Thread 0x000000000018e800 Uncommon trap: reason=class_check action=maybe_recompile pc=0x000000000253eed0 method=com.android.dx.ssa.back.InterferenceGraph.mergeInterferenceSet(ILcom/android/dx/util/IntSet;)V @ 20
Event: 38.837 Thread 0x000000000018e800 Uncommon trap: reason=class_check action=maybe_recompile pc=0x000000000241d770 method=com.android.dx.ssa.SsaConverter.placePhiFunctions(Lcom/android/dx/ssa/SsaMethod;Lcom/android/dx/ssa/LocalVariableInfo;I)V @ 257
Event: 38.916 Thread 0x000000000018e800 Uncommon trap: reason=predicate action=maybe_recompile pc=0x0000000002506534 method=com.android.dx.ssa.back.InterferenceGraph.<init>(I)V @ 23
Event: 44.851 Thread 0x000000000018e800 Uncommon trap: reason=class_check action=maybe_recompile pc=0x000000000241d770 method=com.android.dx.ssa.SsaConverter.placePhiFunctions(Lcom/android/dx/ssa/SsaMethod;Lcom/android/dx/ssa/LocalVariableInfo;I)V @ 257
Event: 47.507 Thread 0x000000000018e800 Uncommon trap: reason=class_check action=maybe_recompile pc=0x000000000241d770 method=com.android.dx.ssa.SsaConverter.placePhiFunctions(Lcom/android/dx/ssa/SsaMethod;Lcom/android/dx/ssa/LocalVariableInfo;I)V @ 257
Event: 47.662 Thread 0x000000000018e800 Uncommon trap: reason=class_check action=maybe_recompile pc=0x0000000002593c78 method=com.android.dx.cf.code.RopperMachine.run(Lcom/android/dx/cf/code/Frame;II)V @ 1024

Internal exceptions (10 events):
Event: 7.463 Thread 0x000000000018e800 Threw 0x00000000eb5927d0 at C:\re\jdk7u45\229\hotspot\src\share\vm\prims\jvm.cpp:1244
Event: 9.908 Thread 0x000000000018e800 Implicit null exception at 0x00000000024bb5db to 0x00000000024bbce1
Event: 10.168 Thread 0x000000000018e800 Implicit null exception at 0x00000000024cb1df to 0x00000000024cc3a1
Event: 10.368 Thread 0x000000000018e800 Threw 0x00000000eb66fbb8 at C:\re\jdk7u45\229\hotspot\src\share\vm\prims\jvm.cpp:1244
Event: 18.351 Thread 0x000000000018e800 Implicit null exception at 0x0000000002533380 to 0x0000000002533fc9
Event: 18.732 Thread 0x000000000018e800 Threw 0x00000000ec60a630 at C:\re\jdk7u45\229\hotspot\src\share\vm\prims\jvm.cpp:1244
Event: 22.048 Thread 0x000000000018e800 Implicit null exception at 0x000000000257f491 to 0x00000000025811f5
Event: 30.878 Thread 0x000000000018e800 Threw 0x00000000ef53f298 at C:\re\jdk7u45\229\hotspot\src\share\vm\prims\jvm.cpp:1244
Event: 36.862 Thread 0x000000000018e800 Threw 0x00000000edf370f8 at C:\re\jdk7u45\229\hotspot\src\share\vm\prims\jvm.cpp:1244
Event: 36.871 Thread 0x000000000018e800 Threw 0x00000000ee014548 at C:\re\jdk7u45\229\hotspot\src\share\vm\prims\jvm.cpp:1244

Events (10 events):
Event: 44.851 Thread 0x000000000018e800 DEOPT UNPACKING pc=0x00000000023a75a4 sp=0x000000000236eb30 mode 2
Event: 45.325 Executing VM operation: ParallelGCFailedAllocation
Event: 47.460 Executing VM operation: ParallelGCFailedAllocation done
Event: 47.507 Thread 0x000000000018e800 Uncommon trap: trap_request=0xffffffde fr.pc=0x000000000241d770
Event: 47.507 Thread 0x000000000018e800 DEOPT PACKING pc=0x000000000241d770 sp=0x000000000236eb70
Event: 47.507 Thread 0x000000000018e800 DEOPT UNPACKING pc=0x00000000023a75a4 sp=0x000000000236eb30 mode 2
Event: 47.661 Thread 0x000000000018e800 Uncommon trap: trap_request=0xffffffde fr.pc=0x0000000002593c78
Event: 47.662 Thread 0x000000000018e800 DEOPT PACKING pc=0x0000000002593c78 sp=0x000000000236ea60
Event: 47.662 Thread 0x000000000018e800 DEOPT UNPACKING pc=0x00000000023a75a4 sp=0x000000000236e9f8 mode 2
Event: 47.901 Executing VM operation: ParallelGCFailedAllocation


Dynamic libraries:
0x000000013f4f0000 - 0x000000013f523000 	C:\Program Files\Java\jdk1.7.0_45\bin\java.exe
0x0000000076d60000 - 0x0000000076f09000 	C:\Windows\SYSTEM32\ntdll.dll
0x0000000076b40000 - 0x0000000076c5f000 	C:\Windows\system32\kernel32.dll
0x000007fefcde0000 - 0x000007fefce4c000 	C:\Windows\system32\KERNELBASE.dll
0x000007fefe840000 - 0x000007fefe91b000 	C:\Windows\system32\ADVAPI32.dll
0x000007fefe340000 - 0x000007fefe3df000 	C:\Windows\system32\msvcrt.dll
0x000007fefd000000 - 0x000007fefd01f000 	C:\Windows\SYSTEM32\sechost.dll
0x000007fefe710000 - 0x000007fefe83d000 	C:\Windows\system32\RPCRT4.dll
0x0000000076c60000 - 0x0000000076d5a000 	C:\Windows\system32\USER32.dll
0x000007fefe230000 - 0x000007fefe297000 	C:\Windows\system32\GDI32.dll
0x000007fefeed0000 - 0x000007fefeede000 	C:\Windows\system32\LPK.dll
0x000007fefee00000 - 0x000007fefeec9000 	C:\Windows\system32\USP10.dll
0x000007fefb520000 - 0x000007fefb714000 	C:\Windows\WinSxS\amd64_microsoft.windows.common-controls_6595b64144ccf1df_6.0.7601.18837_none_fa3b1e3d17594757\COMCTL32.dll
0x000007fefd280000 - 0x000007fefd2f1000 	C:\Windows\system32\SHLWAPI.dll
0x000007fefced0000 - 0x000007fefcefe000 	C:\Windows\system32\IMM32.DLL
0x000007fefe110000 - 0x000007fefe219000 	C:\Windows\system32\MSCTF.dll
0x0000000056fc0000 - 0x0000000057092000 	C:\Program Files\Java\jdk1.7.0_45\jre\bin\msvcr100.dll
0x000000006ecf0000 - 0x000000006f4b9000 	C:\Program Files\Java\jdk1.7.0_45\jre\bin\server\jvm.dll
0x000007fef7c70000 - 0x000007fef7c79000 	C:\Windows\system32\WSOCK32.dll
0x000007fefedb0000 - 0x000007fefedfd000 	C:\Windows\system32\WS2_32.dll
0x000007fefe220000 - 0x000007fefe228000 	C:\Windows\system32\NSI.dll
0x000007fefaf10000 - 0x000007fefaf4b000 	C:\Windows\system32\WINMM.dll
0x0000000076f30000 - 0x0000000076f37000 	C:\Windows\system32\PSAPI.DLL
0x000000006ad80000 - 0x000000006ad8f000 	C:\Program Files\Java\jdk1.7.0_45\jre\bin\verify.dll
0x0000000059f50000 - 0x0000000059f78000 	C:\Program Files\Java\jdk1.7.0_45\jre\bin\java.dll
0x000000005dc20000 - 0x000000005dc35000 	C:\Program Files\Java\jdk1.7.0_45\jre\bin\zip.dll
0x0000000067ed0000 - 0x0000000067ee9000 	C:\Program Files\Java\jdk1.7.0_45\jre\bin\net.dll
0x000007fefc2b0000 - 0x000007fefc305000 	C:\Windows\system32\mswsock.dll
0x000007fefc2a0000 - 0x000007fefc2a7000 	C:\Windows\System32\wship6.dll
0x0000000059f30000 - 0x0000000059f41000 	C:\Program Files\Java\jdk1.7.0_45\jre\bin\nio.dll

VM Arguments:
jvm_args: -Xmx1024M -Dfile.encoding=windows-1255 -Duser.country=US -Duser.language=en -Duser.variant 
java_command: com.android.dx.command.Main --dex --output C:\Users\Rony\Documents\GitHub\newToGetThere\to.get.there\app\build\intermediates\pre-dexed\debug\classes-e9ece3e2b72700a69d8eb03a9d5abd8a629b3502.jar C:\Users\Rony\Documents\GitHub\newToGetThere\to.get.there\app\build\intermediates\exploded-aar\com.google.android.gms\play-services-analytics\7.5.0\jars\classes.jar
Launcher Type: SUN_STANDARD

Environment Variables:
PATH=C:\Ruby22-x64\bin;C:\ProgramData\Oracle\Java\javapath;C:\Program Files (x86)\HP SimplePass 2011\x64;C:\Program Files (x86)\HP SimplePass 2011\;C:\Program Files\Common Files\Microsoft Shared\Windows Live;C:\Program Files (x86)\Common Files\Microsoft Shared\Windows Live;C:\Windows\system32;C:\Windows;C:\Windows\System32\Wbem;C:\Windows\System32\WindowsPowerShell\v1.0\;c:\Program Files (x86)\Common Files\Roxio Shared\DLLShared\;c:\Program Files (x86)\Common Files\Roxio Shared\DLLShared\;c:\Program Files (x86)\Common Files\Roxio Shared\12.0\DLLShared\;C:\Program Files (x86)\Windows Live\Shared;C:\Program Files (x86)\Intel\Services\IPT\;C:\Program Files (x86)\Skype\Phone\;C:\Program Files (x86)\Windows Kits\8.1\Windows Performance Toolkit\;C:\Program Files\Microsoft SQL Server\110\Tools\Binn\;C:\Program Files (x86)\Microsoft SDKs\TypeScript\1.0\;C:\Program Files\Microsoft SQL Server\120\Tools\Binn\;C:\Program Files (x86)\MySQL\MySQL Fabric 1.5.4 & MySQL Utilities 1.5.4 1.5\;C:\Program Files (x86)\MySQL\MySQL Fabric 1.5.4 & MySQL Utilities 1.5.4 1.5\Doctrine extensions for PHP\;C:\Python27;C:\Python27\Scripts;C:\Windows\System32\WindowsPowerShell\v1.0\;C:\Program Files (x86)\Heroku\bin;C:\Program Files (x86)\git\cmd;C:\Program Files (x86)\Git\cmd
USERNAME=Rony
OS=Windows_NT
PROCESSOR_IDENTIFIER=Intel64 Family 6 Model 42 Stepping 7, GenuineIntel



---------------  S Y S T E M  ---------------

OS: Windows 7 , 64 bit Build 7601 Service Pack 1

CPU:total 4 (4 cores per cpu, 1 threads per core) family 6 model 42 stepping 7, cmov, cx8, fxsr, mmx, sse, sse2, sse3, ssse3, sse4.1, sse4.2, popcnt, avx, aes, tsc, tscinvbit

Memory: 4k page, physical 6193468k(431932k free), swap 13104772k(544308k free)

vm_info: Java HotSpot(TM) 64-Bit Server VM (24.45-b08) for windows-amd64 JRE (1.7.0_45-b18), built on Oct  8 2013 05:47:22 by "java_re" with unknown MS VC++:1600

time: Thu Jul 23 16:33:44 2015
elapsed time: 62 seconds

